<?xml version="1.0" encoding="UTF-8"?>
<testng-results ignored="0" total="1" passed="1" failed="0" skipped="0">
  <reporter-output>
  </reporter-output>
  <suite started-at="2022-11-15T13:53:35 IST" name="Default suite" finished-at="2022-11-15T13:53:45 IST" duration-ms="9822">
    <groups>
    </groups>
    <test started-at="2022-11-15T13:53:35 IST" name="Default test" finished-at="2022-11-15T13:53:45 IST" duration-ms="9822">
      <class name="rest_assured.class2">
        <test-method signature="tc1()[pri:0, instance:rest_assured.class2@37d4349f]" started-at="2022-11-15T13:53:35 IST" name="tc1" finished-at="2022-11-15T13:53:45 IST" duration-ms="9713" status="PASS">
          <reporter-output>
          </reporter-output>
        </test-method> <!-- tc1 -->
      </class> <!-- rest_assured.class2 -->
    </test> <!-- Default test -->
  </suite> <!-- Default suite -->
</testng-results>
